app/(dashboard)/orders/page.tsx(266,29): error TS2657: JSX expressions must have one parent element.
app/(dashboard)/orders/page.tsx(361,29): error TS1005: ')' expected.
app/(dashboard)/orders/page.tsx(362,9): error TS1005: ')' expected.
